
*** Running vivado
    with args -log OpenNTT_BD_xbar_0.vds -m64 -product Vivado -mode batch -messageDb vivado.pb -notrace -source OpenNTT_BD_xbar_0.tcl


****** Vivado v2022.2 (64-bit)
  **** SW Build 3671981 on Fri Oct 14 04:59:54 MDT 2022
  **** IP Build 3669848 on Fri Oct 14 08:30:02 MDT 2022
    ** Copyright 1986-2022 Xilinx, Inc. All Rights Reserved.

source OpenNTT_BD_xbar_0.tcl -notrace
create_project: Time (s): cpu = 00:00:07 ; elapsed = 00:00:07 . Memory (MB): peak = 1713.465 ; gain = 96.992 ; free physical = 5075 ; free virtual = 15672
INFO: [IP_Flow 19-6924] IPCACHE: Running cache check for IP inst: OpenNTT_BD_xbar_0
Command: synth_design -top OpenNTT_BD_xbar_0 -part xc7z020clg400-1 -incremental_mode off -mode out_of_context
Starting synth_design
Attempting to get a license for feature 'Synthesis' and/or device 'xc7z020'
INFO: [Common 17-349] Got license for feature 'Synthesis' and/or device 'xc7z020'
INFO: [Device 21-403] Loading part xc7z020clg400-1
INFO: [Synth 8-7079] Multithreading enabled for synth_design using a maximum of 4 processes.
INFO: [Synth 8-7078] Launching helper process for spawning children vivado processes
INFO: [Synth 8-7075] Helper process launched with PID 1848581
INFO: [Synth 8-11241] undeclared symbol 'REGCCE', assumed default net type 'wire' [/tools/Xilinx/Vivado/2022.2/data/verilog/src/unimacro/BRAM_SINGLE_MACRO.v:2170]
---------------------------------------------------------------------------------
Starting RTL Elaboration : Time (s): cpu = 00:00:09 ; elapsed = 00:00:10 . Memory (MB): peak = 2461.453 ; gain = 370.770 ; free physical = 304 ; free virtual = 9989
Synthesis current peak Physical Memory [PSS] (MB): peak = 1683.234; parent = 1552.876; children = 130.391
Synthesis current peak Virtual Memory [VSS] (MB): peak = 3443.473; parent = 2469.395; children = 974.078
---------------------------------------------------------------------------------
INFO: [Synth 8-6157] synthesizing module 'OpenNTT_BD_xbar_0' [/home/fkrieger/Desktop/openNTT/vivado/vivado.gen/sources_1/bd/OpenNTT_BD/ip/OpenNTT_BD_xbar_0/synth/OpenNTT_BD_xbar_0.v:53]
INFO: [Synth 8-6157] synthesizing module 'axi_crossbar_v2_1_28_axi_crossbar' [/home/fkrieger/Desktop/openNTT/vivado/vivado.gen/sources_1/bd/OpenNTT_BD/ipshared/c40e/hdl/axi_crossbar_v2_1_vl_rfs.v:4883]
INFO: [Synth 8-6157] synthesizing module 'axi_crossbar_v2_1_28_crossbar' [/home/fkrieger/Desktop/openNTT/vivado/vivado.gen/sources_1/bd/OpenNTT_BD/ipshared/c40e/hdl/axi_crossbar_v2_1_vl_rfs.v:2238]
INFO: [Synth 8-6157] synthesizing module 'axi_crossbar_v2_1_28_si_transactor' [/home/fkrieger/Desktop/openNTT/vivado/vivado.gen/sources_1/bd/OpenNTT_BD/ipshared/c40e/hdl/axi_crossbar_v2_1_vl_rfs.v:3799]
INFO: [Synth 8-6157] synthesizing module 'axi_crossbar_v2_1_28_addr_decoder' [/home/fkrieger/Desktop/openNTT/vivado/vivado.gen/sources_1/bd/OpenNTT_BD/ipshared/c40e/hdl/axi_crossbar_v2_1_vl_rfs.v:793]
INFO: [Synth 8-6157] synthesizing module 'generic_baseblocks_v2_1_0_comparator_static' [/home/fkrieger/Desktop/openNTT/vivado/vivado.gen/sources_1/bd/OpenNTT_BD/ipshared/b752/hdl/generic_baseblocks_v2_1_vl_rfs.v:2132]
INFO: [Synth 8-6157] synthesizing module 'generic_baseblocks_v2_1_0_carry_and' [/home/fkrieger/Desktop/openNTT/vivado/vivado.gen/sources_1/bd/OpenNTT_BD/ipshared/b752/hdl/generic_baseblocks_v2_1_vl_rfs.v:61]
INFO: [Synth 8-6155] done synthesizing module 'generic_baseblocks_v2_1_0_carry_and' (0#1) [/home/fkrieger/Desktop/openNTT/vivado/vivado.gen/sources_1/bd/OpenNTT_BD/ipshared/b752/hdl/generic_baseblocks_v2_1_vl_rfs.v:61]
INFO: [Synth 8-6155] done synthesizing module 'generic_baseblocks_v2_1_0_comparator_static' (0#1) [/home/fkrieger/Desktop/openNTT/vivado/vivado.gen/sources_1/bd/OpenNTT_BD/ipshared/b752/hdl/generic_baseblocks_v2_1_vl_rfs.v:2132]
INFO: [Synth 8-6157] synthesizing module 'generic_baseblocks_v2_1_0_comparator_static__parameterized0' [/home/fkrieger/Desktop/openNTT/vivado/vivado.gen/sources_1/bd/OpenNTT_BD/ipshared/b752/hdl/generic_baseblocks_v2_1_vl_rfs.v:2132]
INFO: [Synth 8-6155] done synthesizing module 'generic_baseblocks_v2_1_0_comparator_static__parameterized0' (0#1) [/home/fkrieger/Desktop/openNTT/vivado/vivado.gen/sources_1/bd/OpenNTT_BD/ipshared/b752/hdl/generic_baseblocks_v2_1_vl_rfs.v:2132]
INFO: [Synth 8-6155] done synthesizing module 'axi_crossbar_v2_1_28_addr_decoder' (0#1) [/home/fkrieger/Desktop/openNTT/vivado/vivado.gen/sources_1/bd/OpenNTT_BD/ipshared/c40e/hdl/axi_crossbar_v2_1_vl_rfs.v:793]
INFO: [Synth 8-6157] synthesizing module 'axi_data_fifo_v2_1_26_axic_srl_fifo' [/home/fkrieger/Desktop/openNTT/vivado/vivado.gen/sources_1/bd/OpenNTT_BD/ipshared/3111/hdl/axi_data_fifo_v2_1_vl_rfs.v:697]
INFO: [Synth 8-6157] synthesizing module 'axi_data_fifo_v2_1_26_ndeep_srl' [/home/fkrieger/Desktop/openNTT/vivado/vivado.gen/sources_1/bd/OpenNTT_BD/ipshared/3111/hdl/axi_data_fifo_v2_1_vl_rfs.v:1134]
INFO: [Synth 8-6157] synthesizing module 'SRLC32E' [/tools/Xilinx/Vivado/2022.2/scripts/rt/data/unisim_comp.v:131794]
INFO: [Synth 8-6155] done synthesizing module 'SRLC32E' (0#1) [/tools/Xilinx/Vivado/2022.2/scripts/rt/data/unisim_comp.v:131794]
INFO: [Synth 8-6155] done synthesizing module 'axi_data_fifo_v2_1_26_ndeep_srl' (0#1) [/home/fkrieger/Desktop/openNTT/vivado/vivado.gen/sources_1/bd/OpenNTT_BD/ipshared/3111/hdl/axi_data_fifo_v2_1_vl_rfs.v:1134]
INFO: [Synth 8-6155] done synthesizing module 'axi_data_fifo_v2_1_26_axic_srl_fifo' (0#1) [/home/fkrieger/Desktop/openNTT/vivado/vivado.gen/sources_1/bd/OpenNTT_BD/ipshared/3111/hdl/axi_data_fifo_v2_1_vl_rfs.v:697]
INFO: [Synth 8-6157] synthesizing module 'generic_baseblocks_v2_1_0_mux_enc' [/home/fkrieger/Desktop/openNTT/vivado/vivado.gen/sources_1/bd/OpenNTT_BD/ipshared/b752/hdl/generic_baseblocks_v2_1_vl_rfs.v:2451]
INFO: [Synth 8-6155] done synthesizing module 'generic_baseblocks_v2_1_0_mux_enc' (0#1) [/home/fkrieger/Desktop/openNTT/vivado/vivado.gen/sources_1/bd/OpenNTT_BD/ipshared/b752/hdl/generic_baseblocks_v2_1_vl_rfs.v:2451]
INFO: [Synth 8-6155] done synthesizing module 'axi_crossbar_v2_1_28_si_transactor' (0#1) [/home/fkrieger/Desktop/openNTT/vivado/vivado.gen/sources_1/bd/OpenNTT_BD/ipshared/c40e/hdl/axi_crossbar_v2_1_vl_rfs.v:3799]
INFO: [Synth 8-6157] synthesizing module 'axi_crossbar_v2_1_28_si_transactor__parameterized0' [/home/fkrieger/Desktop/openNTT/vivado/vivado.gen/sources_1/bd/OpenNTT_BD/ipshared/c40e/hdl/axi_crossbar_v2_1_vl_rfs.v:3799]
INFO: [Synth 8-6157] synthesizing module 'generic_baseblocks_v2_1_0_mux_enc__parameterized0' [/home/fkrieger/Desktop/openNTT/vivado/vivado.gen/sources_1/bd/OpenNTT_BD/ipshared/b752/hdl/generic_baseblocks_v2_1_vl_rfs.v:2451]
INFO: [Synth 8-6155] done synthesizing module 'generic_baseblocks_v2_1_0_mux_enc__parameterized0' (0#1) [/home/fkrieger/Desktop/openNTT/vivado/vivado.gen/sources_1/bd/OpenNTT_BD/ipshared/b752/hdl/generic_baseblocks_v2_1_vl_rfs.v:2451]
INFO: [Synth 8-6155] done synthesizing module 'axi_crossbar_v2_1_28_si_transactor__parameterized0' (0#1) [/home/fkrieger/Desktop/openNTT/vivado/vivado.gen/sources_1/bd/OpenNTT_BD/ipshared/c40e/hdl/axi_crossbar_v2_1_vl_rfs.v:3799]
INFO: [Synth 8-6157] synthesizing module 'axi_crossbar_v2_1_28_splitter' [/home/fkrieger/Desktop/openNTT/vivado/vivado.gen/sources_1/bd/OpenNTT_BD/ipshared/c40e/hdl/axi_crossbar_v2_1_vl_rfs.v:4460]
INFO: [Synth 8-6155] done synthesizing module 'axi_crossbar_v2_1_28_splitter' (0#1) [/home/fkrieger/Desktop/openNTT/vivado/vivado.gen/sources_1/bd/OpenNTT_BD/ipshared/c40e/hdl/axi_crossbar_v2_1_vl_rfs.v:4460]
INFO: [Synth 8-6157] synthesizing module 'axi_crossbar_v2_1_28_wdata_router' [/home/fkrieger/Desktop/openNTT/vivado/vivado.gen/sources_1/bd/OpenNTT_BD/ipshared/c40e/hdl/axi_crossbar_v2_1_vl_rfs.v:4735]
INFO: [Synth 8-6157] synthesizing module 'axi_data_fifo_v2_1_26_axic_reg_srl_fifo' [/home/fkrieger/Desktop/openNTT/vivado/vivado.gen/sources_1/bd/OpenNTT_BD/ipshared/3111/hdl/axi_data_fifo_v2_1_vl_rfs.v:888]
INFO: [Synth 8-155] case statement is not full and has no default [/home/fkrieger/Desktop/openNTT/vivado/vivado.gen/sources_1/bd/OpenNTT_BD/ipshared/3111/hdl/axi_data_fifo_v2_1_vl_rfs.v:986]
INFO: [Synth 8-6155] done synthesizing module 'axi_data_fifo_v2_1_26_axic_reg_srl_fifo' (0#1) [/home/fkrieger/Desktop/openNTT/vivado/vivado.gen/sources_1/bd/OpenNTT_BD/ipshared/3111/hdl/axi_data_fifo_v2_1_vl_rfs.v:888]
INFO: [Synth 8-6155] done synthesizing module 'axi_crossbar_v2_1_28_wdata_router' (0#1) [/home/fkrieger/Desktop/openNTT/vivado/vivado.gen/sources_1/bd/OpenNTT_BD/ipshared/c40e/hdl/axi_crossbar_v2_1_vl_rfs.v:4735]
INFO: [Synth 8-6157] synthesizing module 'axi_data_fifo_v2_1_26_axic_srl_fifo__parameterized0' [/home/fkrieger/Desktop/openNTT/vivado/vivado.gen/sources_1/bd/OpenNTT_BD/ipshared/3111/hdl/axi_data_fifo_v2_1_vl_rfs.v:697]
INFO: [Synth 8-6155] done synthesizing module 'axi_data_fifo_v2_1_26_axic_srl_fifo__parameterized0' (0#1) [/home/fkrieger/Desktop/openNTT/vivado/vivado.gen/sources_1/bd/OpenNTT_BD/ipshared/3111/hdl/axi_data_fifo_v2_1_vl_rfs.v:697]
INFO: [Synth 8-6157] synthesizing module 'axi_crossbar_v2_1_28_wdata_mux' [/home/fkrieger/Desktop/openNTT/vivado/vivado.gen/sources_1/bd/OpenNTT_BD/ipshared/c40e/hdl/axi_crossbar_v2_1_vl_rfs.v:4560]
INFO: [Synth 8-6155] done synthesizing module 'axi_crossbar_v2_1_28_wdata_mux' (0#1) [/home/fkrieger/Desktop/openNTT/vivado/vivado.gen/sources_1/bd/OpenNTT_BD/ipshared/c40e/hdl/axi_crossbar_v2_1_vl_rfs.v:4560]
INFO: [Synth 8-6157] synthesizing module 'axi_register_slice_v2_1_27_axi_register_slice' [/home/fkrieger/Desktop/openNTT/vivado/vivado.gen/sources_1/bd/OpenNTT_BD/ipshared/f0b4/hdl/axi_register_slice_v2_1_vl_rfs.v:3725]
INFO: [Synth 8-6157] synthesizing module 'axi_infrastructure_v1_1_0_axi2vector' [/home/fkrieger/Desktop/openNTT/vivado/vivado.gen/sources_1/bd/OpenNTT_BD/ipshared/ec67/hdl/axi_infrastructure_v1_1_vl_rfs.v:59]
INFO: [Synth 8-6155] done synthesizing module 'axi_infrastructure_v1_1_0_axi2vector' (0#1) [/home/fkrieger/Desktop/openNTT/vivado/vivado.gen/sources_1/bd/OpenNTT_BD/ipshared/ec67/hdl/axi_infrastructure_v1_1_vl_rfs.v:59]
INFO: [Synth 8-6157] synthesizing module 'axi_infrastructure_v1_1_0_vector2axi' [/home/fkrieger/Desktop/openNTT/vivado/vivado.gen/sources_1/bd/OpenNTT_BD/ipshared/ec67/hdl/axi_infrastructure_v1_1_vl_rfs.v:473]
INFO: [Synth 8-6155] done synthesizing module 'axi_infrastructure_v1_1_0_vector2axi' (0#1) [/home/fkrieger/Desktop/openNTT/vivado/vivado.gen/sources_1/bd/OpenNTT_BD/ipshared/ec67/hdl/axi_infrastructure_v1_1_vl_rfs.v:473]
INFO: [Synth 8-6157] synthesizing module 'axi_register_slice_v2_1_27_axic_register_slice' [/home/fkrieger/Desktop/openNTT/vivado/vivado.gen/sources_1/bd/OpenNTT_BD/ipshared/f0b4/hdl/axi_register_slice_v2_1_vl_rfs.v:1497]
INFO: [Synth 8-6155] done synthesizing module 'axi_register_slice_v2_1_27_axic_register_slice' (0#1) [/home/fkrieger/Desktop/openNTT/vivado/vivado.gen/sources_1/bd/OpenNTT_BD/ipshared/f0b4/hdl/axi_register_slice_v2_1_vl_rfs.v:1497]
INFO: [Synth 8-6157] synthesizing module 'axi_register_slice_v2_1_27_axic_register_slice__parameterized0' [/home/fkrieger/Desktop/openNTT/vivado/vivado.gen/sources_1/bd/OpenNTT_BD/ipshared/f0b4/hdl/axi_register_slice_v2_1_vl_rfs.v:1497]
INFO: [Synth 8-6155] done synthesizing module 'axi_register_slice_v2_1_27_axic_register_slice__parameterized0' (0#1) [/home/fkrieger/Desktop/openNTT/vivado/vivado.gen/sources_1/bd/OpenNTT_BD/ipshared/f0b4/hdl/axi_register_slice_v2_1_vl_rfs.v:1497]
INFO: [Synth 8-6157] synthesizing module 'axi_register_slice_v2_1_27_axic_register_slice__parameterized1' [/home/fkrieger/Desktop/openNTT/vivado/vivado.gen/sources_1/bd/OpenNTT_BD/ipshared/f0b4/hdl/axi_register_slice_v2_1_vl_rfs.v:1497]
INFO: [Synth 8-6155] done synthesizing module 'axi_register_slice_v2_1_27_axic_register_slice__parameterized1' (0#1) [/home/fkrieger/Desktop/openNTT/vivado/vivado.gen/sources_1/bd/OpenNTT_BD/ipshared/f0b4/hdl/axi_register_slice_v2_1_vl_rfs.v:1497]
INFO: [Synth 8-6157] synthesizing module 'axi_register_slice_v2_1_27_axic_register_slice__parameterized2' [/home/fkrieger/Desktop/openNTT/vivado/vivado.gen/sources_1/bd/OpenNTT_BD/ipshared/f0b4/hdl/axi_register_slice_v2_1_vl_rfs.v:1497]
INFO: [Synth 8-6155] done synthesizing module 'axi_register_slice_v2_1_27_axic_register_slice__parameterized2' (0#1) [/home/fkrieger/Desktop/openNTT/vivado/vivado.gen/sources_1/bd/OpenNTT_BD/ipshared/f0b4/hdl/axi_register_slice_v2_1_vl_rfs.v:1497]
INFO: [Synth 8-6155] done synthesizing module 'axi_register_slice_v2_1_27_axi_register_slice' (0#1) [/home/fkrieger/Desktop/openNTT/vivado/vivado.gen/sources_1/bd/OpenNTT_BD/ipshared/f0b4/hdl/axi_register_slice_v2_1_vl_rfs.v:3725]
WARNING: [Synth 8-7071] port 'aclk2x' of module 'axi_register_slice_v2_1_27_axi_register_slice' is unconnected for instance 'reg_slice_mi' [/home/fkrieger/Desktop/openNTT/vivado/vivado.gen/sources_1/bd/OpenNTT_BD/ipshared/c40e/hdl/axi_crossbar_v2_1_vl_rfs.v:3122]
WARNING: [Synth 8-7023] instance 'reg_slice_mi' of module 'axi_register_slice_v2_1_27_axi_register_slice' has 93 connections declared, but only 92 given [/home/fkrieger/Desktop/openNTT/vivado/vivado.gen/sources_1/bd/OpenNTT_BD/ipshared/c40e/hdl/axi_crossbar_v2_1_vl_rfs.v:3122]
INFO: [Synth 8-6157] synthesizing module 'axi_data_fifo_v2_1_26_axic_srl_fifo__parameterized1' [/home/fkrieger/Desktop/openNTT/vivado/vivado.gen/sources_1/bd/OpenNTT_BD/ipshared/3111/hdl/axi_data_fifo_v2_1_vl_rfs.v:697]
INFO: [Synth 8-6157] synthesizing module 'axi_data_fifo_v2_1_26_ndeep_srl__parameterized0' [/home/fkrieger/Desktop/openNTT/vivado/vivado.gen/sources_1/bd/OpenNTT_BD/ipshared/3111/hdl/axi_data_fifo_v2_1_vl_rfs.v:1134]
INFO: [Synth 8-6155] done synthesizing module 'axi_data_fifo_v2_1_26_ndeep_srl__parameterized0' (0#1) [/home/fkrieger/Desktop/openNTT/vivado/vivado.gen/sources_1/bd/OpenNTT_BD/ipshared/3111/hdl/axi_data_fifo_v2_1_vl_rfs.v:1134]
INFO: [Synth 8-6155] done synthesizing module 'axi_data_fifo_v2_1_26_axic_srl_fifo__parameterized1' (0#1) [/home/fkrieger/Desktop/openNTT/vivado/vivado.gen/sources_1/bd/OpenNTT_BD/ipshared/3111/hdl/axi_data_fifo_v2_1_vl_rfs.v:697]
INFO: [Synth 8-6157] synthesizing module 'axi_crossbar_v2_1_28_wdata_mux__parameterized0' [/home/fkrieger/Desktop/openNTT/vivado/vivado.gen/sources_1/bd/OpenNTT_BD/ipshared/c40e/hdl/axi_crossbar_v2_1_vl_rfs.v:4560]
INFO: [Synth 8-6155] done synthesizing module 'axi_crossbar_v2_1_28_wdata_mux__parameterized0' (0#1) [/home/fkrieger/Desktop/openNTT/vivado/vivado.gen/sources_1/bd/OpenNTT_BD/ipshared/c40e/hdl/axi_crossbar_v2_1_vl_rfs.v:4560]
WARNING: [Synth 8-7071] port 'aclk2x' of module 'axi_register_slice_v2_1_27_axi_register_slice' is unconnected for instance 'reg_slice_mi' [/home/fkrieger/Desktop/openNTT/vivado/vivado.gen/sources_1/bd/OpenNTT_BD/ipshared/c40e/hdl/axi_crossbar_v2_1_vl_rfs.v:3122]
WARNING: [Synth 8-7023] instance 'reg_slice_mi' of module 'axi_register_slice_v2_1_27_axi_register_slice' has 93 connections declared, but only 92 given [/home/fkrieger/Desktop/openNTT/vivado/vivado.gen/sources_1/bd/OpenNTT_BD/ipshared/c40e/hdl/axi_crossbar_v2_1_vl_rfs.v:3122]
INFO: [Synth 8-6157] synthesizing module 'axi_data_fifo_v2_1_26_axic_srl_fifo__parameterized2' [/home/fkrieger/Desktop/openNTT/vivado/vivado.gen/sources_1/bd/OpenNTT_BD/ipshared/3111/hdl/axi_data_fifo_v2_1_vl_rfs.v:697]
INFO: [Synth 8-6155] done synthesizing module 'axi_data_fifo_v2_1_26_axic_srl_fifo__parameterized2' (0#1) [/home/fkrieger/Desktop/openNTT/vivado/vivado.gen/sources_1/bd/OpenNTT_BD/ipshared/3111/hdl/axi_data_fifo_v2_1_vl_rfs.v:697]
INFO: [Synth 8-6157] synthesizing module 'axi_crossbar_v2_1_28_wdata_mux__parameterized1' [/home/fkrieger/Desktop/openNTT/vivado/vivado.gen/sources_1/bd/OpenNTT_BD/ipshared/c40e/hdl/axi_crossbar_v2_1_vl_rfs.v:4560]
INFO: [Synth 8-6155] done synthesizing module 'axi_crossbar_v2_1_28_wdata_mux__parameterized1' (0#1) [/home/fkrieger/Desktop/openNTT/vivado/vivado.gen/sources_1/bd/OpenNTT_BD/ipshared/c40e/hdl/axi_crossbar_v2_1_vl_rfs.v:4560]
WARNING: [Synth 8-7071] port 'aclk2x' of module 'axi_register_slice_v2_1_27_axi_register_slice' is unconnected for instance 'reg_slice_mi' [/home/fkrieger/Desktop/openNTT/vivado/vivado.gen/sources_1/bd/OpenNTT_BD/ipshared/c40e/hdl/axi_crossbar_v2_1_vl_rfs.v:3122]
WARNING: [Synth 8-7023] instance 'reg_slice_mi' of module 'axi_register_slice_v2_1_27_axi_register_slice' has 93 connections declared, but only 92 given [/home/fkrieger/Desktop/openNTT/vivado/vivado.gen/sources_1/bd/OpenNTT_BD/ipshared/c40e/hdl/axi_crossbar_v2_1_vl_rfs.v:3122]
INFO: [Synth 8-6157] synthesizing module 'axi_crossbar_v2_1_28_decerr_slave' [/home/fkrieger/Desktop/openNTT/vivado/vivado.gen/sources_1/bd/OpenNTT_BD/ipshared/c40e/hdl/axi_crossbar_v2_1_vl_rfs.v:3500]
INFO: [Synth 8-155] case statement is not full and has no default [/home/fkrieger/Desktop/openNTT/vivado/vivado.gen/sources_1/bd/OpenNTT_BD/ipshared/c40e/hdl/axi_crossbar_v2_1_vl_rfs.v:3633]
INFO: [Synth 8-6155] done synthesizing module 'axi_crossbar_v2_1_28_decerr_slave' (0#1) [/home/fkrieger/Desktop/openNTT/vivado/vivado.gen/sources_1/bd/OpenNTT_BD/ipshared/c40e/hdl/axi_crossbar_v2_1_vl_rfs.v:3500]
INFO: [Synth 8-6157] synthesizing module 'axi_crossbar_v2_1_28_addr_arbiter' [/home/fkrieger/Desktop/openNTT/vivado/vivado.gen/sources_1/bd/OpenNTT_BD/ipshared/c40e/hdl/axi_crossbar_v2_1_vl_rfs.v:422]
INFO: [Synth 8-6155] done synthesizing module 'axi_crossbar_v2_1_28_addr_arbiter' (0#1) [/home/fkrieger/Desktop/openNTT/vivado/vivado.gen/sources_1/bd/OpenNTT_BD/ipshared/c40e/hdl/axi_crossbar_v2_1_vl_rfs.v:422]
INFO: [Synth 8-6155] done synthesizing module 'axi_crossbar_v2_1_28_crossbar' (0#1) [/home/fkrieger/Desktop/openNTT/vivado/vivado.gen/sources_1/bd/OpenNTT_BD/ipshared/c40e/hdl/axi_crossbar_v2_1_vl_rfs.v:2238]
INFO: [Synth 8-6155] done synthesizing module 'axi_crossbar_v2_1_28_axi_crossbar' (0#1) [/home/fkrieger/Desktop/openNTT/vivado/vivado.gen/sources_1/bd/OpenNTT_BD/ipshared/c40e/hdl/axi_crossbar_v2_1_vl_rfs.v:4883]
INFO: [Synth 8-6155] done synthesizing module 'OpenNTT_BD_xbar_0' (0#1) [/home/fkrieger/Desktop/openNTT/vivado/vivado.gen/sources_1/bd/OpenNTT_BD/ip/OpenNTT_BD_xbar_0/synth/OpenNTT_BD_xbar_0.v:53]
WARNING: [Synth 8-6014] Unused sequential element areset_d1_reg was removed.  [/home/fkrieger/Desktop/openNTT/vivado/vivado.gen/sources_1/bd/OpenNTT_BD/ipshared/3111/hdl/axi_data_fifo_v2_1_vl_rfs.v:750]
WARNING: [Synth 8-6014] Unused sequential element S_READY_i_reg was removed.  [/home/fkrieger/Desktop/openNTT/vivado/vivado.gen/sources_1/bd/OpenNTT_BD/ipshared/3111/hdl/axi_data_fifo_v2_1_vl_rfs.v:789]
WARNING: [Synth 8-6014] Unused sequential element gen_single_thread.gen_debug_r_single_thread.debug_r_beat_cnt_i_reg was removed.  [/home/fkrieger/Desktop/openNTT/vivado/vivado.gen/sources_1/bd/OpenNTT_BD/ipshared/c40e/hdl/axi_crossbar_v2_1_vl_rfs.v:4192]
WARNING: [Synth 8-6014] Unused sequential element gen_single_thread.active_id_reg was removed.  [/home/fkrieger/Desktop/openNTT/vivado/vivado.gen/sources_1/bd/OpenNTT_BD/ipshared/c40e/hdl/axi_crossbar_v2_1_vl_rfs.v:4150]
WARNING: [Synth 8-6014] Unused sequential element gen_single_thread.gen_debug_r_single_thread.debug_r_beat_cnt_i_reg was removed.  [/home/fkrieger/Desktop/openNTT/vivado/vivado.gen/sources_1/bd/OpenNTT_BD/ipshared/c40e/hdl/axi_crossbar_v2_1_vl_rfs.v:4192]
WARNING: [Synth 8-6014] Unused sequential element gen_single_thread.active_id_reg was removed.  [/home/fkrieger/Desktop/openNTT/vivado/vivado.gen/sources_1/bd/OpenNTT_BD/ipshared/c40e/hdl/axi_crossbar_v2_1_vl_rfs.v:4150]
WARNING: [Synth 8-6014] Unused sequential element areset_d1_reg was removed.  [/home/fkrieger/Desktop/openNTT/vivado/vivado.gen/sources_1/bd/OpenNTT_BD/ipshared/3111/hdl/axi_data_fifo_v2_1_vl_rfs.v:750]
WARNING: [Synth 8-6014] Unused sequential element S_READY_i_reg was removed.  [/home/fkrieger/Desktop/openNTT/vivado/vivado.gen/sources_1/bd/OpenNTT_BD/ipshared/3111/hdl/axi_data_fifo_v2_1_vl_rfs.v:789]
WARNING: [Synth 8-6014] Unused sequential element areset_d1_reg was removed.  [/home/fkrieger/Desktop/openNTT/vivado/vivado.gen/sources_1/bd/OpenNTT_BD/ipshared/3111/hdl/axi_data_fifo_v2_1_vl_rfs.v:750]
WARNING: [Synth 8-6014] Unused sequential element S_READY_i_reg was removed.  [/home/fkrieger/Desktop/openNTT/vivado/vivado.gen/sources_1/bd/OpenNTT_BD/ipshared/3111/hdl/axi_data_fifo_v2_1_vl_rfs.v:789]
WARNING: [Synth 8-6014] Unused sequential element areset_d1_reg was removed.  [/home/fkrieger/Desktop/openNTT/vivado/vivado.gen/sources_1/bd/OpenNTT_BD/ipshared/3111/hdl/axi_data_fifo_v2_1_vl_rfs.v:750]
WARNING: [Synth 8-6014] Unused sequential element S_READY_i_reg was removed.  [/home/fkrieger/Desktop/openNTT/vivado/vivado.gen/sources_1/bd/OpenNTT_BD/ipshared/3111/hdl/axi_data_fifo_v2_1_vl_rfs.v:789]
WARNING: [Synth 8-6014] Unused sequential element gen_master_slots[0].gen_mi_write.gen_debug_w.debug_w_beat_cnt_i_reg was removed.  [/home/fkrieger/Desktop/openNTT/vivado/vivado.gen/sources_1/bd/OpenNTT_BD/ipshared/c40e/hdl/axi_crossbar_v2_1_vl_rfs.v:2997]
WARNING: [Synth 8-6014] Unused sequential element gen_master_slots[1].gen_mi_write.gen_debug_w.debug_w_beat_cnt_i_reg was removed.  [/home/fkrieger/Desktop/openNTT/vivado/vivado.gen/sources_1/bd/OpenNTT_BD/ipshared/c40e/hdl/axi_crossbar_v2_1_vl_rfs.v:2997]
WARNING: [Synth 8-6014] Unused sequential element gen_master_slots[2].gen_mi_write.gen_debug_w.debug_w_beat_cnt_i_reg was removed.  [/home/fkrieger/Desktop/openNTT/vivado/vivado.gen/sources_1/bd/OpenNTT_BD/ipshared/c40e/hdl/axi_crossbar_v2_1_vl_rfs.v:2997]
WARNING: [Synth 8-7129] Port ACLK in module axi_register_slice_v2_1_27_axic_register_slice is either unconnected or has no load
WARNING: [Synth 8-7129] Port ARESET in module axi_register_slice_v2_1_27_axic_register_slice is either unconnected or has no load
WARNING: [Synth 8-7129] Port ACLK in module axi_register_slice_v2_1_27_axic_register_slice__parameterized0 is either unconnected or has no load
WARNING: [Synth 8-7129] Port ARESET in module axi_register_slice_v2_1_27_axic_register_slice__parameterized0 is either unconnected or has no load
WARNING: [Synth 8-7129] Port m_axi_buser[0] in module axi_infrastructure_v1_1_0_vector2axi is either unconnected or has no load
WARNING: [Synth 8-7129] Port m_axi_ruser[0] in module axi_infrastructure_v1_1_0_vector2axi is either unconnected or has no load
WARNING: [Synth 8-7129] Port s_axi_awuser[0] in module axi_infrastructure_v1_1_0_axi2vector is either unconnected or has no load
WARNING: [Synth 8-7129] Port s_axi_wid[0] in module axi_infrastructure_v1_1_0_axi2vector is either unconnected or has no load
WARNING: [Synth 8-7129] Port s_axi_wuser[0] in module axi_infrastructure_v1_1_0_axi2vector is either unconnected or has no load
WARNING: [Synth 8-7129] Port s_axi_aruser[0] in module axi_infrastructure_v1_1_0_axi2vector is either unconnected or has no load
WARNING: [Synth 8-7129] Port aclk2x in module axi_register_slice_v2_1_27_axi_register_slice is either unconnected or has no load
WARNING: [Synth 8-7129] Port ACLK in module axi_crossbar_v2_1_28_wdata_mux__parameterized1 is either unconnected or has no load
WARNING: [Synth 8-7129] Port ARESET in module axi_crossbar_v2_1_28_wdata_mux__parameterized1 is either unconnected or has no load
WARNING: [Synth 8-7129] Port S_ASELECT[0] in module axi_crossbar_v2_1_28_wdata_mux__parameterized1 is either unconnected or has no load
WARNING: [Synth 8-7129] Port S_AVALID in module axi_crossbar_v2_1_28_wdata_mux__parameterized1 is either unconnected or has no load
WARNING: [Synth 8-7129] Port ACLK in module axi_crossbar_v2_1_28_wdata_mux__parameterized0 is either unconnected or has no load
WARNING: [Synth 8-7129] Port ARESET in module axi_crossbar_v2_1_28_wdata_mux__parameterized0 is either unconnected or has no load
WARNING: [Synth 8-7129] Port S_ASELECT[0] in module axi_crossbar_v2_1_28_wdata_mux__parameterized0 is either unconnected or has no load
WARNING: [Synth 8-7129] Port S_AVALID in module axi_crossbar_v2_1_28_wdata_mux__parameterized0 is either unconnected or has no load
WARNING: [Synth 8-7129] Port ACLK in module axi_crossbar_v2_1_28_wdata_mux is either unconnected or has no load
WARNING: [Synth 8-7129] Port ARESET in module axi_crossbar_v2_1_28_wdata_mux is either unconnected or has no load
WARNING: [Synth 8-7129] Port S_ASELECT[0] in module axi_crossbar_v2_1_28_wdata_mux is either unconnected or has no load
WARNING: [Synth 8-7129] Port S_AVALID in module axi_crossbar_v2_1_28_wdata_mux is either unconnected or has no load
WARNING: [Synth 8-7129] Port ADDR[1] in module axi_crossbar_v2_1_28_addr_decoder is either unconnected or has no load
WARNING: [Synth 8-7129] Port ADDR[0] in module axi_crossbar_v2_1_28_addr_decoder is either unconnected or has no load
WARNING: [Synth 8-7129] Port S_ABURST[1] in module axi_crossbar_v2_1_28_si_transactor__parameterized0 is either unconnected or has no load
WARNING: [Synth 8-7129] Port S_ABURST[0] in module axi_crossbar_v2_1_28_si_transactor__parameterized0 is either unconnected or has no load
WARNING: [Synth 8-7129] Port S_ABURST[1] in module axi_crossbar_v2_1_28_si_transactor is either unconnected or has no load
WARNING: [Synth 8-7129] Port S_ABURST[0] in module axi_crossbar_v2_1_28_si_transactor is either unconnected or has no load
WARNING: [Synth 8-7129] Port S_AXI_AWID[0] in module axi_crossbar_v2_1_28_crossbar is either unconnected or has no load
WARNING: [Synth 8-7129] Port S_AXI_WID[0] in module axi_crossbar_v2_1_28_crossbar is either unconnected or has no load
WARNING: [Synth 8-7129] Port S_AXI_ARID[0] in module axi_crossbar_v2_1_28_crossbar is either unconnected or has no load
WARNING: [Synth 8-7129] Port s_axi_awid[0] in module axi_crossbar_v2_1_28_axi_crossbar is either unconnected or has no load
WARNING: [Synth 8-7129] Port s_axi_awuser[0] in module axi_crossbar_v2_1_28_axi_crossbar is either unconnected or has no load
WARNING: [Synth 8-7129] Port s_axi_wid[0] in module axi_crossbar_v2_1_28_axi_crossbar is either unconnected or has no load
WARNING: [Synth 8-7129] Port s_axi_wuser[0] in module axi_crossbar_v2_1_28_axi_crossbar is either unconnected or has no load
WARNING: [Synth 8-7129] Port s_axi_arid[0] in module axi_crossbar_v2_1_28_axi_crossbar is either unconnected or has no load
WARNING: [Synth 8-7129] Port s_axi_aruser[0] in module axi_crossbar_v2_1_28_axi_crossbar is either unconnected or has no load
WARNING: [Synth 8-7129] Port m_axi_buser[1] in module axi_crossbar_v2_1_28_axi_crossbar is either unconnected or has no load
WARNING: [Synth 8-7129] Port m_axi_buser[0] in module axi_crossbar_v2_1_28_axi_crossbar is either unconnected or has no load
WARNING: [Synth 8-7129] Port m_axi_ruser[1] in module axi_crossbar_v2_1_28_axi_crossbar is either unconnected or has no load
WARNING: [Synth 8-7129] Port m_axi_ruser[0] in module axi_crossbar_v2_1_28_axi_crossbar is either unconnected or has no load
---------------------------------------------------------------------------------
Finished RTL Elaboration : Time (s): cpu = 00:00:16 ; elapsed = 00:00:19 . Memory (MB): peak = 2653.359 ; gain = 562.676 ; free physical = 576 ; free virtual = 7687
Synthesis current peak Physical Memory [PSS] (MB): peak = 1683.234; parent = 1552.876; children = 130.391
Synthesis current peak Virtual Memory [VSS] (MB): peak = 3627.441; parent = 2653.363; children = 974.078
---------------------------------------------------------------------------------
---------------------------------------------------------------------------------
Start Handling Custom Attributes
---------------------------------------------------------------------------------
---------------------------------------------------------------------------------
Finished Handling Custom Attributes : Time (s): cpu = 00:00:17 ; elapsed = 00:00:20 . Memory (MB): peak = 2671.172 ; gain = 580.488 ; free physical = 548 ; free virtual = 7660
Synthesis current peak Physical Memory [PSS] (MB): peak = 1683.234; parent = 1552.876; children = 130.391
Synthesis current peak Virtual Memory [VSS] (MB): peak = 3645.254; parent = 2671.176; children = 974.078
---------------------------------------------------------------------------------
---------------------------------------------------------------------------------
Finished RTL Optimization Phase 1 : Time (s): cpu = 00:00:17 ; elapsed = 00:00:20 . Memory (MB): peak = 2671.172 ; gain = 580.488 ; free physical = 548 ; free virtual = 7660
Synthesis current peak Physical Memory [PSS] (MB): peak = 1683.234; parent = 1552.876; children = 130.391
Synthesis current peak Virtual Memory [VSS] (MB): peak = 3645.254; parent = 2671.176; children = 974.078
---------------------------------------------------------------------------------
Netlist sorting complete. Time (s): cpu = 00:00:00.05 ; elapsed = 00:00:00.04 . Memory (MB): peak = 2677.109 ; gain = 0.000 ; free physical = 477 ; free virtual = 7588
INFO: [Project 1-570] Preparing netlist for logic optimization

Processing XDC Constraints
Initializing timing engine
Parsing XDC File [/home/fkrieger/Desktop/openNTT/vivado/vivado.gen/sources_1/bd/OpenNTT_BD/ip/OpenNTT_BD_xbar_0/OpenNTT_BD_xbar_0_ooc.xdc] for cell 'inst'
Finished Parsing XDC File [/home/fkrieger/Desktop/openNTT/vivado/vivado.gen/sources_1/bd/OpenNTT_BD/ip/OpenNTT_BD_xbar_0/OpenNTT_BD_xbar_0_ooc.xdc] for cell 'inst'
Parsing XDC File [/home/fkrieger/Desktop/openNTT/vivado/vivado.runs/OpenNTT_BD_xbar_0_synth_1/dont_touch.xdc]
Finished Parsing XDC File [/home/fkrieger/Desktop/openNTT/vivado/vivado.runs/OpenNTT_BD_xbar_0_synth_1/dont_touch.xdc]
Completed Processing XDC Constraints

Netlist sorting complete. Time (s): cpu = 00:00:00 ; elapsed = 00:00:00 . Memory (MB): peak = 2799.922 ; gain = 0.000 ; free physical = 583 ; free virtual = 7498
INFO: [Project 1-111] Unisim Transformation Summary:
No Unisim elements were transformed.

Constraint Validation Runtime : Time (s): cpu = 00:00:00.17 ; elapsed = 00:00:00.11 . Memory (MB): peak = 2799.922 ; gain = 0.000 ; free physical = 682 ; free virtual = 7598
INFO: [Designutils 20-5008] Incremental synthesis strategy off
INFO: [Synth 8-11241] undeclared symbol 'REGCCE', assumed default net type 'wire' [/tools/Xilinx/Vivado/2022.2/data/verilog/src/unimacro/BRAM_SINGLE_MACRO.v:2170]
---------------------------------------------------------------------------------
Finished Constraint Validation : Time (s): cpu = 00:00:32 ; elapsed = 00:00:35 . Memory (MB): peak = 2799.922 ; gain = 709.238 ; free physical = 897 ; free virtual = 7826
Synthesis current peak Physical Memory [PSS] (MB): peak = 1683.234; parent = 1552.876; children = 130.391
Synthesis current peak Virtual Memory [VSS] (MB): peak = 3741.988; parent = 2767.910; children = 974.078
---------------------------------------------------------------------------------
---------------------------------------------------------------------------------
Start Loading Part and Timing Information
---------------------------------------------------------------------------------
Loading part: xc7z020clg400-1
---------------------------------------------------------------------------------
Finished Loading Part and Timing Information : Time (s): cpu = 00:00:32 ; elapsed = 00:00:35 . Memory (MB): peak = 2799.922 ; gain = 709.238 ; free physical = 873 ; free virtual = 7802
Synthesis current peak Physical Memory [PSS] (MB): peak = 1683.234; parent = 1552.876; children = 130.391
Synthesis current peak Virtual Memory [VSS] (MB): peak = 3741.988; parent = 2767.910; children = 974.078
---------------------------------------------------------------------------------
---------------------------------------------------------------------------------
Start Applying 'set_property' XDC Constraints
---------------------------------------------------------------------------------
Applied set_property KEEP_HIERARCHY = SOFT for inst. (constraint file  /home/fkrieger/Desktop/openNTT/vivado/vivado.runs/OpenNTT_BD_xbar_0_synth_1/dont_touch.xdc, line 9).
---------------------------------------------------------------------------------
Finished applying 'set_property' XDC Constraints : Time (s): cpu = 00:00:32 ; elapsed = 00:00:35 . Memory (MB): peak = 2799.922 ; gain = 709.238 ; free physical = 833 ; free virtual = 7776
Synthesis current peak Physical Memory [PSS] (MB): peak = 1683.234; parent = 1552.876; children = 130.391
Synthesis current peak Virtual Memory [VSS] (MB): peak = 3741.988; parent = 2767.910; children = 974.078
---------------------------------------------------------------------------------
INFO: [Synth 8-802] inferred FSM for state register 'state_reg' in module 'axi_data_fifo_v2_1_26_axic_reg_srl_fifo'
INFO: [Synth 8-802] inferred FSM for state register 'gen_axi.write_cs_reg' in module 'axi_crossbar_v2_1_28_decerr_slave'
---------------------------------------------------------------------------------------------------
                   State |                     New Encoding |                Previous Encoding 
---------------------------------------------------------------------------------------------------
                    ZERO |                             1000 |                               10
                     ONE |                             0010 |                               11
                     TWO |                             0001 |                               01
                  iSTATE |                             0100 |                               00
---------------------------------------------------------------------------------------------------
INFO: [Synth 8-3354] encoded FSM with state register 'state_reg' using encoding 'one-hot' in module 'axi_data_fifo_v2_1_26_axic_reg_srl_fifo'
---------------------------------------------------------------------------------------------------
                   State |                     New Encoding |                Previous Encoding 
---------------------------------------------------------------------------------------------------
            P_WRITE_IDLE |                              001 |                               00
            P_WRITE_DATA |                              010 |                               01
            P_WRITE_RESP |                              100 |                               10
---------------------------------------------------------------------------------------------------
INFO: [Synth 8-3354] encoded FSM with state register 'gen_axi.write_cs_reg' using encoding 'one-hot' in module 'axi_crossbar_v2_1_28_decerr_slave'
---------------------------------------------------------------------------------
Finished RTL Optimization Phase 2 : Time (s): cpu = 00:00:33 ; elapsed = 00:00:37 . Memory (MB): peak = 2799.922 ; gain = 709.238 ; free physical = 786 ; free virtual = 7721
Synthesis current peak Physical Memory [PSS] (MB): peak = 1683.234; parent = 1552.876; children = 130.391
Synthesis current peak Virtual Memory [VSS] (MB): peak = 3741.988; parent = 2767.910; children = 974.078
---------------------------------------------------------------------------------
---------------------------------------------------------------------------------
Start RTL Component Statistics 
---------------------------------------------------------------------------------
Detailed RTL Component Info : 
+---Adders : 
	   2 Input    8 Bit       Adders := 3     
	   2 Input    4 Bit       Adders := 2     
	   2 Input    3 Bit       Adders := 1     
	   2 Input    2 Bit       Adders := 10    
	   2 Input    1 Bit       Adders := 2     
+---XORs : 
	   2 Input      1 Bit         XORs := 6     
+---Registers : 
	               68 Bit    Registers := 6     
	               64 Bit    Registers := 2     
	                8 Bit    Registers := 3     
	                4 Bit    Registers := 2     
	                3 Bit    Registers := 8     
	                2 Bit    Registers := 18    
	                1 Bit    Registers := 35    
+---Muxes : 
	   2 Input   68 Bit        Muxes := 6     
	   2 Input   24 Bit        Muxes := 6     
	   2 Input    8 Bit        Muxes := 1     
	   3 Input    4 Bit        Muxes := 1     
	   2 Input    4 Bit        Muxes := 5     
	   2 Input    3 Bit        Muxes := 2     
	   2 Input    2 Bit        Muxes := 21    
	   2 Input    1 Bit        Muxes := 41    
	   4 Input    1 Bit        Muxes := 3     
	   3 Input    1 Bit        Muxes := 9     
---------------------------------------------------------------------------------
Finished RTL Component Statistics 
---------------------------------------------------------------------------------
---------------------------------------------------------------------------------
Start Part Resource Summary
---------------------------------------------------------------------------------
Part Resources:
DSPs: 220 (col length:60)
BRAMs: 280 (col length: RAMB18 60 RAMB36 30)
---------------------------------------------------------------------------------
Finished Part Resource Summary
---------------------------------------------------------------------------------
---------------------------------------------------------------------------------
Start Cross Boundary and Area Optimization
---------------------------------------------------------------------------------
WARNING: [Synth 8-7080] Parallel synthesis criteria is not met
WARNING: [Synth 8-7129] Port s_axi_awid[0] in module axi_crossbar_v2_1_28_axi_crossbar is either unconnected or has no load
WARNING: [Synth 8-7129] Port s_axi_awuser[0] in module axi_crossbar_v2_1_28_axi_crossbar is either unconnected or has no load
WARNING: [Synth 8-7129] Port s_axi_wid[0] in module axi_crossbar_v2_1_28_axi_crossbar is either unconnected or has no load
WARNING: [Synth 8-7129] Port s_axi_wuser[0] in module axi_crossbar_v2_1_28_axi_crossbar is either unconnected or has no load
WARNING: [Synth 8-7129] Port s_axi_arid[0] in module axi_crossbar_v2_1_28_axi_crossbar is either unconnected or has no load
WARNING: [Synth 8-7129] Port s_axi_aruser[0] in module axi_crossbar_v2_1_28_axi_crossbar is either unconnected or has no load
WARNING: [Synth 8-7129] Port m_axi_buser[1] in module axi_crossbar_v2_1_28_axi_crossbar is either unconnected or has no load
WARNING: [Synth 8-7129] Port m_axi_buser[0] in module axi_crossbar_v2_1_28_axi_crossbar is either unconnected or has no load
WARNING: [Synth 8-7129] Port m_axi_ruser[1] in module axi_crossbar_v2_1_28_axi_crossbar is either unconnected or has no load
WARNING: [Synth 8-7129] Port m_axi_ruser[0] in module axi_crossbar_v2_1_28_axi_crossbar is either unconnected or has no load
INFO: [Synth 8-3332] Sequential element (gen_samd.crossbar_samd/gen_slave_slots[0].gen_si_write.wdata_router_w/wrouter_aw_fifo/FSM_onehot_state_reg[2]) is unused and will be removed from module axi_crossbar_v2_1_28_axi_crossbar.
---------------------------------------------------------------------------------
Finished Cross Boundary and Area Optimization : Time (s): cpu = 00:00:39 ; elapsed = 00:00:44 . Memory (MB): peak = 2799.922 ; gain = 709.238 ; free physical = 376 ; free virtual = 7340
Synthesis current peak Physical Memory [PSS] (MB): peak = 1683.234; parent = 1552.876; children = 130.391
Synthesis current peak Virtual Memory [VSS] (MB): peak = 3741.988; parent = 2767.910; children = 974.078
---------------------------------------------------------------------------------
---------------------------------------------------------------------------------
Start Applying XDC Timing Constraints
---------------------------------------------------------------------------------
---------------------------------------------------------------------------------
Finished Applying XDC Timing Constraints : Time (s): cpu = 00:00:49 ; elapsed = 00:00:54 . Memory (MB): peak = 2799.922 ; gain = 709.238 ; free physical = 795 ; free virtual = 7590
Synthesis current peak Physical Memory [PSS] (MB): peak = 1761.954; parent = 1633.336; children = 130.391
Synthesis current peak Virtual Memory [VSS] (MB): peak = 3741.988; parent = 2767.910; children = 974.078
---------------------------------------------------------------------------------
---------------------------------------------------------------------------------
Start Timing Optimization
---------------------------------------------------------------------------------
---------------------------------------------------------------------------------
Finished Timing Optimization : Time (s): cpu = 00:00:51 ; elapsed = 00:00:56 . Memory (MB): peak = 2799.922 ; gain = 709.238 ; free physical = 1229 ; free virtual = 8014
Synthesis current peak Physical Memory [PSS] (MB): peak = 1769.097; parent = 1640.479; children = 130.391
Synthesis current peak Virtual Memory [VSS] (MB): peak = 3741.988; parent = 2767.910; children = 974.078
---------------------------------------------------------------------------------
---------------------------------------------------------------------------------
Start Technology Mapping
---------------------------------------------------------------------------------
---------------------------------------------------------------------------------
Finished Technology Mapping : Time (s): cpu = 00:00:52 ; elapsed = 00:00:57 . Memory (MB): peak = 2799.922 ; gain = 709.238 ; free physical = 3506 ; free virtual = 10291
Synthesis current peak Physical Memory [PSS] (MB): peak = 1778.197; parent = 1647.627; children = 130.570
Synthesis current peak Virtual Memory [VSS] (MB): peak = 3741.988; parent = 2767.910; children = 974.078
---------------------------------------------------------------------------------
---------------------------------------------------------------------------------
Start IO Insertion
---------------------------------------------------------------------------------
---------------------------------------------------------------------------------
Start Flattening Before IO Insertion
---------------------------------------------------------------------------------
---------------------------------------------------------------------------------
Finished Flattening Before IO Insertion
---------------------------------------------------------------------------------
---------------------------------------------------------------------------------
Start Final Netlist Cleanup
---------------------------------------------------------------------------------
---------------------------------------------------------------------------------
Finished Final Netlist Cleanup
---------------------------------------------------------------------------------
---------------------------------------------------------------------------------
Finished IO Insertion : Time (s): cpu = 00:00:58 ; elapsed = 00:01:03 . Memory (MB): peak = 2799.922 ; gain = 709.238 ; free physical = 3947 ; free virtual = 10732
Synthesis current peak Physical Memory [PSS] (MB): peak = 1783.429; parent = 1650.386; children = 133.043
Synthesis current peak Virtual Memory [VSS] (MB): peak = 3741.988; parent = 2767.910; children = 974.078
---------------------------------------------------------------------------------
---------------------------------------------------------------------------------
Start Renaming Generated Instances
---------------------------------------------------------------------------------
---------------------------------------------------------------------------------
Finished Renaming Generated Instances : Time (s): cpu = 00:00:58 ; elapsed = 00:01:03 . Memory (MB): peak = 2799.922 ; gain = 709.238 ; free physical = 3944 ; free virtual = 10729
Synthesis current peak Physical Memory [PSS] (MB): peak = 1783.429; parent = 1650.386; children = 133.043
Synthesis current peak Virtual Memory [VSS] (MB): peak = 3741.988; parent = 2767.910; children = 974.078
---------------------------------------------------------------------------------
---------------------------------------------------------------------------------
Start Rebuilding User Hierarchy
---------------------------------------------------------------------------------
---------------------------------------------------------------------------------
Finished Rebuilding User Hierarchy : Time (s): cpu = 00:00:58 ; elapsed = 00:01:03 . Memory (MB): peak = 2799.922 ; gain = 709.238 ; free physical = 3938 ; free virtual = 10723
Synthesis current peak Physical Memory [PSS] (MB): peak = 1783.429; parent = 1650.400; children = 133.043
Synthesis current peak Virtual Memory [VSS] (MB): peak = 3741.988; parent = 2767.910; children = 974.078
---------------------------------------------------------------------------------
---------------------------------------------------------------------------------
Start Renaming Generated Ports
---------------------------------------------------------------------------------
---------------------------------------------------------------------------------
Finished Renaming Generated Ports : Time (s): cpu = 00:00:58 ; elapsed = 00:01:03 . Memory (MB): peak = 2799.922 ; gain = 709.238 ; free physical = 3931 ; free virtual = 10716
Synthesis current peak Physical Memory [PSS] (MB): peak = 1783.429; parent = 1650.400; children = 133.043
Synthesis current peak Virtual Memory [VSS] (MB): peak = 3741.988; parent = 2767.910; children = 974.078
---------------------------------------------------------------------------------
---------------------------------------------------------------------------------
Start Handling Custom Attributes
---------------------------------------------------------------------------------
---------------------------------------------------------------------------------
Finished Handling Custom Attributes : Time (s): cpu = 00:00:58 ; elapsed = 00:01:03 . Memory (MB): peak = 2799.922 ; gain = 709.238 ; free physical = 3949 ; free virtual = 10734
Synthesis current peak Physical Memory [PSS] (MB): peak = 1783.429; parent = 1650.400; children = 133.043
Synthesis current peak Virtual Memory [VSS] (MB): peak = 3741.988; parent = 2767.910; children = 974.078
---------------------------------------------------------------------------------
---------------------------------------------------------------------------------
Start Renaming Generated Nets
---------------------------------------------------------------------------------
---------------------------------------------------------------------------------
Finished Renaming Generated Nets : Time (s): cpu = 00:00:58 ; elapsed = 00:01:03 . Memory (MB): peak = 2799.922 ; gain = 709.238 ; free physical = 3964 ; free virtual = 10749
Synthesis current peak Physical Memory [PSS] (MB): peak = 1783.429; parent = 1650.400; children = 133.043
Synthesis current peak Virtual Memory [VSS] (MB): peak = 3741.988; parent = 2767.910; children = 974.078
---------------------------------------------------------------------------------
---------------------------------------------------------------------------------
Start Writing Synthesis Report
---------------------------------------------------------------------------------

Report BlackBoxes: 
+-+--------------+----------+
| |BlackBox name |Instances |
+-+--------------+----------+
+-+--------------+----------+

Report Cell Usage: 
+------+--------+------+
|      |Cell    |Count |
+------+--------+------+
|1     |LUT1    |     7|
|2     |LUT2    |    13|
|3     |LUT3    |   156|
|4     |LUT4    |   104|
|5     |LUT5    |    29|
|6     |LUT6    |    63|
|7     |SRLC32E |     2|
|8     |FDRE    |   464|
|9     |FDSE    |     6|
+------+--------+------+
---------------------------------------------------------------------------------
Finished Writing Synthesis Report : Time (s): cpu = 00:00:58 ; elapsed = 00:01:03 . Memory (MB): peak = 2799.922 ; gain = 709.238 ; free physical = 3965 ; free virtual = 10748
Synthesis current peak Physical Memory [PSS] (MB): peak = 1783.429; parent = 1650.400; children = 133.043
Synthesis current peak Virtual Memory [VSS] (MB): peak = 3741.988; parent = 2767.910; children = 974.078
---------------------------------------------------------------------------------
Synthesis finished with 0 errors, 0 critical warnings and 11 warnings.
Synthesis Optimization Runtime : Time (s): cpu = 00:00:54 ; elapsed = 00:01:00 . Memory (MB): peak = 2799.922 ; gain = 580.488 ; free physical = 3971 ; free virtual = 10775
Synthesis Optimization Complete : Time (s): cpu = 00:00:58 ; elapsed = 00:01:04 . Memory (MB): peak = 2799.922 ; gain = 709.238 ; free physical = 3975 ; free virtual = 10779
INFO: [Project 1-571] Translating synthesized netlist
Netlist sorting complete. Time (s): cpu = 00:00:00.02 ; elapsed = 00:00:00.02 . Memory (MB): peak = 2799.922 ; gain = 0.000 ; free physical = 4117 ; free virtual = 10921
INFO: [Project 1-570] Preparing netlist for logic optimization
INFO: [Opt 31-138] Pushed 0 inverter(s) to 0 load pin(s).
Netlist sorting complete. Time (s): cpu = 00:00:00 ; elapsed = 00:00:00 . Memory (MB): peak = 2799.922 ; gain = 0.000 ; free physical = 4367 ; free virtual = 11171
INFO: [Project 1-111] Unisim Transformation Summary:
No Unisim elements were transformed.

Synth Design complete, checksum: b42df0ef
INFO: [Common 17-83] Releasing license: Synthesis
89 Infos, 74 Warnings, 0 Critical Warnings and 0 Errors encountered.
synth_design completed successfully
synth_design: Time (s): cpu = 00:01:11 ; elapsed = 00:01:10 . Memory (MB): peak = 2799.922 ; gain = 1044.801 ; free physical = 4489 ; free virtual = 11294
INFO: [Common 17-1381] The checkpoint '/home/fkrieger/Desktop/openNTT/vivado/vivado.runs/OpenNTT_BD_xbar_0_synth_1/OpenNTT_BD_xbar_0.dcp' has been generated.
INFO: [Coretcl 2-1648] Added synthesis output to IP cache for IP OpenNTT_BD_xbar_0, cache-ID = a8d41c9a38ddd029
INFO: [Coretcl 2-1174] Renamed 22 cell refs.
INFO: [Common 17-1381] The checkpoint '/home/fkrieger/Desktop/openNTT/vivado/vivado.runs/OpenNTT_BD_xbar_0_synth_1/OpenNTT_BD_xbar_0.dcp' has been generated.
INFO: [runtcl-4] Executing : report_utilization -file OpenNTT_BD_xbar_0_utilization_synth.rpt -pb OpenNTT_BD_xbar_0_utilization_synth.pb
INFO: [Common 17-206] Exiting Vivado at Fri Oct 25 14:41:48 2024...
